[debug] [2022-05-24T17:25:52.553Z] ----------------------------------------------------------------------
[debug] [2022-05-24T17:25:52.555Z] Command:       D:\Proga\nodejs\node.exe D:\Proga\nodejs\node_modules\firebase-tools\lib\bin\firebase.js init
[debug] [2022-05-24T17:25:52.555Z] CLI Version:   11.0.0
[debug] [2022-05-24T17:25:52.555Z] Platform:      win32
[debug] [2022-05-24T17:25:52.555Z] Node Version:  v16.15.0
[debug] [2022-05-24T17:25:52.557Z] Time:          Tue May 24 2022 21:25:52 GMT+0400 (Самарское стандартное время)
[debug] [2022-05-24T17:25:52.557Z] ----------------------------------------------------------------------
[debug] 
[debug] [2022-05-24T17:25:52.625Z] > command requires scopes: ["email","openid","https://www.googleapis.com/auth/cloudplatformprojects.readonly","https://www.googleapis.com/auth/firebase","https://www.googleapis.com/auth/cloud-platform"]
[debug] [2022-05-24T17:25:52.625Z] > authorizing via signed-in user (shishkata0@gmail.com)
[info] 
     ######## #### ########  ######## ########     ###     ######  ########
     ##        ##  ##     ## ##       ##     ##  ##   ##  ##       ##
     ######    ##  ########  ######   ########  #########  ######  ######
     ##        ##  ##    ##  ##       ##     ## ##     ##       ## ##
     ##       #### ##     ## ######## ########  ##     ##  ######  ########

You're about to initialize a Firebase project in this directory:

  G:\Proga\Repositories\Phone_Shop

Before we get started, keep in mind:

  * You are initializing within an existing Firebase project directory

[info] 
=== Project Setup
[info] 
[info] First, let's associate this project directory with a Firebase project.
[info] You can create multiple project aliases by running firebase use --add, 
[info] but for now we'll just set up a default project.
[info] 
[debug] [2022-05-24T17:26:04.257Z] Using project from CLI flag: phone-shop-b5eee
[debug] [2022-05-24T17:26:04.258Z] > refreshing access token with scopes: []
[debug] [2022-05-24T17:26:04.259Z] >>> HTTP REQUEST POST https://www.googleapis.com/oauth2/v3/token  
 <request body omitted>
[debug] [2022-05-24T17:26:04.459Z] <<< HTTP RESPONSE 200 {"pragma":"no-cache","date":"Tue, 24 May 2022 17:26:05 GMT","cache-control":"no-cache, no-store, max-age=0, must-revalidate","expires":"Mon, 01 Jan 1990 00:00:00 GMT","content-type":"application/json; charset=utf-8","vary":"X-Origin, Referer, Origin,Accept-Encoding","server":"scaffolding on HTTPServer2","x-xss-protection":"0","x-frame-options":"SAMEORIGIN","x-content-type-options":"nosniff","alt-svc":"h3=\":443\"; ma=2592000,h3-29=\":443\"; ma=2592000,h3-Q050=\":443\"; ma=2592000,h3-Q046=\":443\"; ma=2592000,h3-Q043=\":443\"; ma=2592000,quic=\":443\"; ma=2592000; v=\"46,43\"","accept-ranges":"none","transfer-encoding":"chunked"}
[debug] [2022-05-24T17:26:04.481Z] >>> [apiv2][query] GET https://firebase.googleapis.com/v1beta1/projects/phone-shop-b5eee [none]
[debug] [2022-05-24T17:26:04.809Z] <<< [apiv2][status] GET https://firebase.googleapis.com/v1beta1/projects/phone-shop-b5eee 200
[debug] [2022-05-24T17:26:04.809Z] <<< [apiv2][body] GET https://firebase.googleapis.com/v1beta1/projects/phone-shop-b5eee {"projectId":"phone-shop-b5eee","projectNumber":"120760143291","displayName":"Phone Shop","name":"projects/phone-shop-b5eee","resources":{"hostingSite":"phone-shop-b5eee","realtimeDatabaseInstance":"phone-shop-b5eee-default-rtdb","storageBucket":"phone-shop-b5eee.appspot.com","locationId":"europe-west6"},"state":"ACTIVE"}
[info] i  Using project phone-shop-b5eee (Phone Shop) 
[info] 
=== Hosting Setup
[info] 
[info] Your public directory is the folder (relative to your project directory) that
[info] will contain Hosting assets to be uploaded with firebase deploy. If you
[info] have a build process for your assets, use your build's output directory.
[info] 
